{"C:\\Users\\Nanette\\Desktop\\PROSDEV PROJECT\\PROSDEV-Team_Curry-Jaime\\src\\App.js": {"path":"C:\\Users\\Nanette\\Desktop\\PROSDEV PROJECT\\PROSDEV-Team_Curry-Jaime\\src\\App.js","statementMap":{"0":{"start":{"line":10,"column":2},"end":{"line":37,"column":4}}},"fnMap":{"0":{"name":"App","decl":{"start":{"line":9,"column":9},"end":{"line":9,"column":12}},"loc":{"start":{"line":9,"column":15},"end":{"line":38,"column":1}},"line":9}},"branchMap":{},"s":{"0":0},"f":{"0":0},"b":{},"hash":"03b244982488496644947d3ed06dc59b259780a3"}
,"C:\\Users\\Nanette\\Desktop\\PROSDEV PROJECT\\PROSDEV-Team_Curry-Jaime\\src\\index.js": {"path":"C:\\Users\\Nanette\\Desktop\\PROSDEV PROJECT\\PROSDEV-Team_Curry-Jaime\\src\\index.js","statementMap":{"0":{"start":{"line":34,"column":0},"end":{"line":43,"column":2}},"1":{"start":{"line":38,"column":47},"end":{"line":38,"column":76}}},"fnMap":{"0":{"name":"(anonymous_0)","decl":{"start":{"line":38,"column":38},"end":{"line":38,"column":39}},"loc":{"start":{"line":38,"column":47},"end":{"line":38,"column":76}},"line":38}},"branchMap":{},"s":{"0":0,"1":0},"f":{"0":0},"b":{},"hash":"eab3ad47c2728eb39def50ba0f813d234a885f13"}
,"C:\\Users\\Nanette\\Desktop\\PROSDEV PROJECT\\PROSDEV-Team_Curry-Jaime\\src\\routes.js": {"path":"C:\\Users\\Nanette\\Desktop\\PROSDEV PROJECT\\PROSDEV-Team_Curry-Jaime\\src\\routes.js","statementMap":{"0":{"start":{"line":22,"column":24},"end":{"line":45,"column":1}}},"fnMap":{},"branchMap":{},"s":{"0":0},"f":{},"b":{},"hash":"609ad50b6333b834c2bcff5ad8f8403f46d85b42"}
,"C:\\Users\\Nanette\\Desktop\\PROSDEV PROJECT\\PROSDEV-Team_Curry-Jaime\\src\\serviceWorker.js": {"path":"C:\\Users\\Nanette\\Desktop\\PROSDEV PROJECT\\PROSDEV-Team_Curry-Jaime\\src\\serviceWorker.js","statementMap":{"0":{"start":{"line":13,"column":20},"end":{"line":21,"column":1}},"1":{"start":{"line":24,"column":2},"end":{"line":54,"column":3}},"2":{"start":{"line":26,"column":22},"end":{"line":26,"column":75}},"3":{"start":{"line":27,"column":4},"end":{"line":32,"column":5}},"4":{"start":{"line":31,"column":6},"end":{"line":31,"column":13}},"5":{"start":{"line":34,"column":4},"end":{"line":53,"column":7}},"6":{"start":{"line":35,"column":20},"end":{"line":35,"column":65}},"7":{"start":{"line":37,"column":6},"end":{"line":52,"column":7}},"8":{"start":{"line":39,"column":8},"end":{"line":39,"column":47}},"9":{"start":{"line":43,"column":8},"end":{"line":48,"column":11}},"10":{"start":{"line":44,"column":10},"end":{"line":47,"column":12}},"11":{"start":{"line":51,"column":8},"end":{"line":51,"column":39}},"12":{"start":{"line":58,"column":2},"end":{"line":98,"column":7}},"13":{"start":{"line":61,"column":6},"end":{"line":94,"column":8}},"14":{"start":{"line":62,"column":33},"end":{"line":62,"column":56}},"15":{"start":{"line":63,"column":8},"end":{"line":65,"column":9}},"16":{"start":{"line":64,"column":10},"end":{"line":64,"column":17}},"17":{"start":{"line":66,"column":8},"end":{"line":93,"column":10}},"18":{"start":{"line":67,"column":10},"end":{"line":92,"column":11}},"19":{"start":{"line":68,"column":12},"end":{"line":91,"column":13}},"20":{"start":{"line":72,"column":14},"end":{"line":75,"column":16}},"21":{"start":{"line":78,"column":14},"end":{"line":80,"column":15}},"22":{"start":{"line":79,"column":16},"end":{"line":79,"column":46}},"23":{"start":{"line":85,"column":14},"end":{"line":85,"column":64}},"24":{"start":{"line":88,"column":14},"end":{"line":90,"column":15}},"25":{"start":{"line":89,"column":16},"end":{"line":89,"column":47}},"26":{"start":{"line":97,"column":6},"end":{"line":97,"column":72}},"27":{"start":{"line":103,"column":2},"end":{"line":128,"column":7}},"28":{"start":{"line":108,"column":26},"end":{"line":108,"column":62}},"29":{"start":{"line":109,"column":6},"end":{"line":122,"column":7}},"30":{"start":{"line":114,"column":8},"end":{"line":118,"column":11}},"31":{"start":{"line":115,"column":10},"end":{"line":117,"column":13}},"32":{"start":{"line":116,"column":12},"end":{"line":116,"column":37}},"33":{"start":{"line":121,"column":8},"end":{"line":121,"column":39}},"34":{"start":{"line":125,"column":6},"end":{"line":127,"column":8}},"35":{"start":{"line":132,"column":2},"end":{"line":140,"column":3}},"36":{"start":{"line":133,"column":4},"end":{"line":139,"column":9}},"37":{"start":{"line":135,"column":8},"end":{"line":135,"column":34}},"38":{"start":{"line":138,"column":8},"end":{"line":138,"column":37}}},"fnMap":{"0":{"name":"register","decl":{"start":{"line":23,"column":16},"end":{"line":23,"column":24}},"loc":{"start":{"line":23,"column":33},"end":{"line":55,"column":1}},"line":23},"1":{"name":"(anonymous_1)","decl":{"start":{"line":34,"column":36},"end":{"line":34,"column":37}},"loc":{"start":{"line":34,"column":42},"end":{"line":53,"column":5}},"line":34},"2":{"name":"(anonymous_2)","decl":{"start":{"line":43,"column":43},"end":{"line":43,"column":44}},"loc":{"start":{"line":43,"column":49},"end":{"line":48,"column":9}},"line":43},"3":{"name":"registerValidSW","decl":{"start":{"line":57,"column":9},"end":{"line":57,"column":24}},"loc":{"start":{"line":57,"column":40},"end":{"line":99,"column":1}},"line":57},"4":{"name":"(anonymous_4)","decl":{"start":{"line":60,"column":10},"end":{"line":60,"column":11}},"loc":{"start":{"line":60,"column":26},"end":{"line":95,"column":5}},"line":60},"5":{"name":"(anonymous_5)","decl":{"start":{"line":61,"column":35},"end":{"line":61,"column":36}},"loc":{"start":{"line":61,"column":41},"end":{"line":94,"column":7}},"line":61},"6":{"name":"(anonymous_6)","decl":{"start":{"line":66,"column":41},"end":{"line":66,"column":42}},"loc":{"start":{"line":66,"column":47},"end":{"line":93,"column":9}},"line":66},"7":{"name":"(anonymous_7)","decl":{"start":{"line":96,"column":11},"end":{"line":96,"column":12}},"loc":{"start":{"line":96,"column":20},"end":{"line":98,"column":5}},"line":96},"8":{"name":"checkValidServiceWorker","decl":{"start":{"line":101,"column":9},"end":{"line":101,"column":32}},"loc":{"start":{"line":101,"column":48},"end":{"line":129,"column":1}},"line":101},"9":{"name":"(anonymous_9)","decl":{"start":{"line":106,"column":10},"end":{"line":106,"column":11}},"loc":{"start":{"line":106,"column":22},"end":{"line":123,"column":5}},"line":106},"10":{"name":"(anonymous_10)","decl":{"start":{"line":114,"column":43},"end":{"line":114,"column":44}},"loc":{"start":{"line":114,"column":59},"end":{"line":118,"column":9}},"line":114},"11":{"name":"(anonymous_11)","decl":{"start":{"line":115,"column":41},"end":{"line":115,"column":42}},"loc":{"start":{"line":115,"column":47},"end":{"line":117,"column":11}},"line":115},"12":{"name":"(anonymous_12)","decl":{"start":{"line":124,"column":11},"end":{"line":124,"column":12}},"loc":{"start":{"line":124,"column":17},"end":{"line":128,"column":5}},"line":124},"13":{"name":"unregister","decl":{"start":{"line":131,"column":16},"end":{"line":131,"column":26}},"loc":{"start":{"line":131,"column":29},"end":{"line":141,"column":1}},"line":131},"14":{"name":"(anonymous_14)","decl":{"start":{"line":134,"column":12},"end":{"line":134,"column":13}},"loc":{"start":{"line":134,"column":28},"end":{"line":136,"column":7}},"line":134},"15":{"name":"(anonymous_15)","decl":{"start":{"line":137,"column":13},"end":{"line":137,"column":14}},"loc":{"start":{"line":137,"column":22},"end":{"line":139,"column":7}},"line":137}},"branchMap":{"0":{"loc":{"start":{"line":14,"column":2},"end":{"line":20,"column":5}},"type":"binary-expr","locations":[{"start":{"line":14,"column":2},"end":{"line":14,"column":42}},{"start":{"line":16,"column":4},"end":{"line":16,"column":40}},{"start":{"line":18,"column":4},"end":{"line":20,"column":5}}],"line":14},"1":{"loc":{"start":{"line":24,"column":2},"end":{"line":54,"column":3}},"type":"if","locations":[{"start":{"line":24,"column":2},"end":{"line":54,"column":3}},{"start":{"line":24,"column":2},"end":{"line":54,"column":3}}],"line":24},"2":{"loc":{"start":{"line":24,"column":6},"end":{"line":24,"column":75}},"type":"binary-expr","locations":[{"start":{"line":24,"column":6},"end":{"line":24,"column":43}},{"start":{"line":24,"column":47},"end":{"line":24,"column":75}}],"line":24},"3":{"loc":{"start":{"line":27,"column":4},"end":{"line":32,"column":5}},"type":"if","locations":[{"start":{"line":27,"column":4},"end":{"line":32,"column":5}},{"start":{"line":27,"column":4},"end":{"line":32,"column":5}}],"line":27},"4":{"loc":{"start":{"line":37,"column":6},"end":{"line":52,"column":7}},"type":"if","locations":[{"start":{"line":37,"column":6},"end":{"line":52,"column":7}},{"start":{"line":37,"column":6},"end":{"line":52,"column":7}}],"line":37},"5":{"loc":{"start":{"line":63,"column":8},"end":{"line":65,"column":9}},"type":"if","locations":[{"start":{"line":63,"column":8},"end":{"line":65,"column":9}},{"start":{"line":63,"column":8},"end":{"line":65,"column":9}}],"line":63},"6":{"loc":{"start":{"line":67,"column":10},"end":{"line":92,"column":11}},"type":"if","locations":[{"start":{"line":67,"column":10},"end":{"line":92,"column":11}},{"start":{"line":67,"column":10},"end":{"line":92,"column":11}}],"line":67},"7":{"loc":{"start":{"line":68,"column":12},"end":{"line":91,"column":13}},"type":"if","locations":[{"start":{"line":68,"column":12},"end":{"line":91,"column":13}},{"start":{"line":68,"column":12},"end":{"line":91,"column":13}}],"line":68},"8":{"loc":{"start":{"line":78,"column":14},"end":{"line":80,"column":15}},"type":"if","locations":[{"start":{"line":78,"column":14},"end":{"line":80,"column":15}},{"start":{"line":78,"column":14},"end":{"line":80,"column":15}}],"line":78},"9":{"loc":{"start":{"line":78,"column":18},"end":{"line":78,"column":43}},"type":"binary-expr","locations":[{"start":{"line":78,"column":18},"end":{"line":78,"column":24}},{"start":{"line":78,"column":28},"end":{"line":78,"column":43}}],"line":78},"10":{"loc":{"start":{"line":88,"column":14},"end":{"line":90,"column":15}},"type":"if","locations":[{"start":{"line":88,"column":14},"end":{"line":90,"column":15}},{"start":{"line":88,"column":14},"end":{"line":90,"column":15}}],"line":88},"11":{"loc":{"start":{"line":88,"column":18},"end":{"line":88,"column":44}},"type":"binary-expr","locations":[{"start":{"line":88,"column":18},"end":{"line":88,"column":24}},{"start":{"line":88,"column":28},"end":{"line":88,"column":44}}],"line":88},"12":{"loc":{"start":{"line":109,"column":6},"end":{"line":122,"column":7}},"type":"if","locations":[{"start":{"line":109,"column":6},"end":{"line":122,"column":7}},{"start":{"line":109,"column":6},"end":{"line":122,"column":7}}],"line":109},"13":{"loc":{"start":{"line":110,"column":8},"end":{"line":111,"column":73}},"type":"binary-expr","locations":[{"start":{"line":110,"column":8},"end":{"line":110,"column":31}},{"start":{"line":111,"column":9},"end":{"line":111,"column":28}},{"start":{"line":111,"column":32},"end":{"line":111,"column":72}}],"line":110},"14":{"loc":{"start":{"line":132,"column":2},"end":{"line":140,"column":3}},"type":"if","locations":[{"start":{"line":132,"column":2},"end":{"line":140,"column":3}},{"start":{"line":132,"column":2},"end":{"line":140,"column":3}}],"line":132}},"s":{"0":0,"1":0,"2":0,"3":0,"4":0,"5":0,"6":0,"7":0,"8":0,"9":0,"10":0,"11":0,"12":0,"13":0,"14":0,"15":0,"16":0,"17":0,"18":0,"19":0,"20":0,"21":0,"22":0,"23":0,"24":0,"25":0,"26":0,"27":0,"28":0,"29":0,"30":0,"31":0,"32":0,"33":0,"34":0,"35":0,"36":0,"37":0,"38":0},"f":{"0":0,"1":0,"2":0,"3":0,"4":0,"5":0,"6":0,"7":0,"8":0,"9":0,"10":0,"11":0,"12":0,"13":0,"14":0,"15":0},"b":{"0":[0,0,0],"1":[0,0],"2":[0,0],"3":[0,0],"4":[0,0],"5":[0,0],"6":[0,0],"7":[0,0],"8":[0,0],"9":[0,0],"10":[0,0],"11":[0,0],"12":[0,0],"13":[0,0,0],"14":[0,0]},"hash":"7357de403fce6526ed7a468026e838fdd031cef3"}
,"C:\\Users\\Nanette\\Desktop\\PROSDEV PROJECT\\PROSDEV-Team_Curry-Jaime\\src\\components\\login.component.js": {"path":"C:\\Users\\Nanette\\Desktop\\PROSDEV PROJECT\\PROSDEV-Team_Curry-Jaime\\src\\components\\login.component.js","statementMap":{"0":{"start":{"line":5,"column":16},"end":{"line":7,"column":3}},"1":{"start":{"line":8,"column":22},"end":{"line":8,"column":32}},"2":{"start":{"line":12,"column":8},"end":{"line":37,"column":10}}},"fnMap":{"0":{"name":"(anonymous_0)","decl":{"start":{"line":11,"column":4},"end":{"line":11,"column":5}},"loc":{"start":{"line":11,"column":13},"end":{"line":38,"column":5}},"line":11}},"branchMap":{},"s":{"0":0,"1":0,"2":0},"f":{"0":0},"b":{},"hash":"b980be93e23334adc85be98c6fb436f7fa34c3b5"}
,"C:\\Users\\Nanette\\Desktop\\PROSDEV PROJECT\\PROSDEV-Team_Curry-Jaime\\src\\components\\prf.component.js": {"path":"C:\\Users\\Nanette\\Desktop\\PROSDEV PROJECT\\PROSDEV-Team_Curry-Jaime\\src\\components\\prf.component.js","statementMap":{},"fnMap":{},"branchMap":{},"s":{},"f":{},"b":{},"hash":"a17f2fce5b6b87a27729a9ee5ff45f12c6a06c38"}
,"C:\\Users\\Nanette\\Desktop\\PROSDEV PROJECT\\PROSDEV-Team_Curry-Jaime\\src\\components\\Card\\Card.jsx": {"path":"C:\\Users\\Nanette\\Desktop\\PROSDEV PROJECT\\PROSDEV-Team_Curry-Jaime\\src\\components\\Card\\Card.jsx","statementMap":{"0":{"start":{"line":22,"column":4},"end":{"line":48,"column":6}}},"fnMap":{"0":{"name":"(anonymous_0)","decl":{"start":{"line":21,"column":2},"end":{"line":21,"column":3}},"loc":{"start":{"line":21,"column":11},"end":{"line":49,"column":3}},"line":21}},"branchMap":{"0":{"loc":{"start":{"line":23,"column":32},"end":{"line":23,"column":69}},"type":"cond-expr","locations":[{"start":{"line":23,"column":51},"end":{"line":23,"column":64}},{"start":{"line":23,"column":67},"end":{"line":23,"column":69}}],"line":23},"1":{"loc":{"start":{"line":24,"column":36},"end":{"line":24,"column":76}},"type":"cond-expr","locations":[{"start":{"line":24,"column":57},"end":{"line":24,"column":71}},{"start":{"line":24,"column":74},"end":{"line":24,"column":76}}],"line":24},"2":{"loc":{"start":{"line":31,"column":13},"end":{"line":31,"column":54}},"type":"cond-expr","locations":[{"start":{"line":31,"column":37},"end":{"line":31,"column":49}},{"start":{"line":31,"column":52},"end":{"line":31,"column":54}}],"line":31},"3":{"loc":{"start":{"line":32,"column":13},"end":{"line":32,"column":67}},"type":"cond-expr","locations":[{"start":{"line":32,"column":43},"end":{"line":32,"column":62}},{"start":{"line":32,"column":65},"end":{"line":32,"column":67}}],"line":32},"4":{"loc":{"start":{"line":33,"column":13},"end":{"line":33,"column":68}},"type":"cond-expr","locations":[{"start":{"line":33,"column":44},"end":{"line":33,"column":63}},{"start":{"line":33,"column":66},"end":{"line":33,"column":68}}],"line":33},"5":{"loc":{"start":{"line":34,"column":13},"end":{"line":34,"column":62}},"type":"cond-expr","locations":[{"start":{"line":34,"column":41},"end":{"line":34,"column":57}},{"start":{"line":34,"column":60},"end":{"line":34,"column":62}}],"line":34},"6":{"loc":{"start":{"line":41,"column":13},"end":{"line":41,"column":51}},"type":"cond-expr","locations":[{"start":{"line":41,"column":40},"end":{"line":41,"column":46}},{"start":{"line":41,"column":49},"end":{"line":41,"column":51}}],"line":41}},"s":{"0":0},"f":{"0":0},"b":{"0":[0,0],"1":[0,0],"2":[0,0],"3":[0,0],"4":[0,0],"5":[0,0],"6":[0,0]},"hash":"af4704707d8085f0761718e4a7ec7a725a77ec8b"}
,"C:\\Users\\Nanette\\Desktop\\PROSDEV PROJECT\\PROSDEV-Team_Curry-Jaime\\src\\components\\CustomButton\\CustomButton.jsx": {"path":"C:\\Users\\Nanette\\Desktop\\PROSDEV PROJECT\\PROSDEV-Team_Curry-Jaime\\src\\components\\CustomButton\\CustomButton.jsx","statementMap":{"0":{"start":{"line":25,"column":63},"end":{"line":25,"column":73}},"1":{"start":{"line":27,"column":23},"end":{"line":33,"column":6}},"2":{"start":{"line":35,"column":4},"end":{"line":35,"column":55}},"3":{"start":{"line":39,"column":0},"end":{"line":45,"column":2}}},"fnMap":{"0":{"name":"(anonymous_0)","decl":{"start":{"line":24,"column":2},"end":{"line":24,"column":3}},"loc":{"start":{"line":24,"column":11},"end":{"line":36,"column":3}},"line":24}},"branchMap":{},"s":{"0":0,"1":0,"2":0,"3":0},"f":{"0":0},"b":{},"hash":"4bb211f801b90d8b6ee0cbb57fe4a0cb83f929ac"}
,"C:\\Users\\Nanette\\Desktop\\PROSDEV PROJECT\\PROSDEV-Team_Curry-Jaime\\src\\components\\DatePicker\\DatePicker.jsx": {"path":"C:\\Users\\Nanette\\Desktop\\PROSDEV PROJECT\\PROSDEV-Team_Curry-Jaime\\src\\components\\DatePicker\\DatePicker.jsx","statementMap":{"0":{"start":{"line":12,"column":50},"end":{"line":12,"column":88}},"1":{"start":{"line":13,"column":46},"end":{"line":13,"column":84}},"2":{"start":{"line":15,"column":31},"end":{"line":17,"column":3}},"3":{"start":{"line":16,"column":4},"end":{"line":16,"column":30}},"4":{"start":{"line":18,"column":29},"end":{"line":20,"column":3}},"5":{"start":{"line":19,"column":4},"end":{"line":19,"column":28}},"6":{"start":{"line":22,"column":2},"end":{"line":61,"column":4}}},"fnMap":{"0":{"name":"MaterialUIPickers","decl":{"start":{"line":10,"column":24},"end":{"line":10,"column":41}},"loc":{"start":{"line":10,"column":44},"end":{"line":62,"column":1}},"line":10},"1":{"name":"(anonymous_1)","decl":{"start":{"line":15,"column":31},"end":{"line":15,"column":32}},"loc":{"start":{"line":15,"column":41},"end":{"line":17,"column":3}},"line":15},"2":{"name":"(anonymous_2)","decl":{"start":{"line":18,"column":29},"end":{"line":18,"column":30}},"loc":{"start":{"line":18,"column":39},"end":{"line":20,"column":3}},"line":18}},"branchMap":{},"s":{"0":0,"1":0,"2":0,"3":0,"4":0,"5":0,"6":0},"f":{"0":0,"1":0,"2":0},"b":{},"hash":"0f36a2a70d7270eeac39330c347c53a82545f014"}
,"C:\\Users\\Nanette\\Desktop\\PROSDEV PROJECT\\PROSDEV-Team_Curry-Jaime\\src\\components\\Footer\\Footer.jsx": {"path":"C:\\Users\\Nanette\\Desktop\\PROSDEV PROJECT\\PROSDEV-Team_Curry-Jaime\\src\\components\\Footer\\Footer.jsx","statementMap":{"0":{"start":{"line":23,"column":4},"end":{"line":51,"column":6}}},"fnMap":{"0":{"name":"(anonymous_0)","decl":{"start":{"line":22,"column":2},"end":{"line":22,"column":3}},"loc":{"start":{"line":22,"column":11},"end":{"line":52,"column":3}},"line":22}},"branchMap":{},"s":{"0":0},"f":{"0":0},"b":{},"hash":"87378dbff0976175a84ad1ba6de4c347c98fcf23"}
,"C:\\Users\\Nanette\\Desktop\\PROSDEV PROJECT\\PROSDEV-Team_Curry-Jaime\\src\\components\\FormInputs\\FormInputs.jsx": {"path":"C:\\Users\\Nanette\\Desktop\\PROSDEV PROJECT\\PROSDEV-Team_Curry-Jaime\\src\\components\\FormInputs\\FormInputs.jsx","statementMap":{"0":{"start":{"line":22,"column":2},"end":{"line":27,"column":4}},"1":{"start":{"line":32,"column":14},"end":{"line":32,"column":16}},"2":{"start":{"line":33,"column":4},"end":{"line":39,"column":5}},"3":{"start":{"line":33,"column":17},"end":{"line":33,"column":18}},"4":{"start":{"line":34,"column":6},"end":{"line":38,"column":8}},"5":{"start":{"line":40,"column":4},"end":{"line":40,"column":28}}},"fnMap":{"0":{"name":"FieldGroup","decl":{"start":{"line":21,"column":9},"end":{"line":21,"column":19}},"loc":{"start":{"line":21,"column":41},"end":{"line":28,"column":1}},"line":21},"1":{"name":"(anonymous_1)","decl":{"start":{"line":31,"column":2},"end":{"line":31,"column":3}},"loc":{"start":{"line":31,"column":11},"end":{"line":41,"column":3}},"line":31}},"branchMap":{},"s":{"0":0,"1":0,"2":0,"3":0,"4":0,"5":0},"f":{"0":0,"1":0},"b":{},"hash":"134a409851a5597fbdffc43b258a0635842edb3c"}
,"C:\\Users\\Nanette\\Desktop\\PROSDEV PROJECT\\PROSDEV-Team_Curry-Jaime\\src\\components\\Login\\login.component.js": {"path":"C:\\Users\\Nanette\\Desktop\\PROSDEV PROJECT\\PROSDEV-Team_Curry-Jaime\\src\\components\\Login\\login.component.js","statementMap":{"0":{"start":{"line":8,"column":16},"end":{"line":10,"column":1}},"1":{"start":{"line":11,"column":22},"end":{"line":11,"column":32}},"2":{"start":{"line":15,"column":8},"end":{"line":42,"column":10}}},"fnMap":{"0":{"name":"(anonymous_0)","decl":{"start":{"line":14,"column":4},"end":{"line":14,"column":5}},"loc":{"start":{"line":14,"column":13},"end":{"line":43,"column":5}},"line":14}},"branchMap":{},"s":{"0":1,"1":1,"2":1},"f":{"0":1},"b":{},"_coverageSchema":"43e27e138ebf9cfc5966b082cf9a028302ed4184","hash":"3b2197dfa90c6a659a50a5fa815c327af1d974d9"}
,"C:\\Users\\Nanette\\Desktop\\PROSDEV PROJECT\\PROSDEV-Team_Curry-Jaime\\src\\components\\Navbars\\AdminNavbar.jsx": {"path":"C:\\Users\\Nanette\\Desktop\\PROSDEV PROJECT\\PROSDEV-Team_Curry-Jaime\\src\\components\\Navbars\\AdminNavbar.jsx","statementMap":{"0":{"start":{"line":25,"column":4},"end":{"line":25,"column":17}},"1":{"start":{"line":26,"column":4},"end":{"line":26,"column":67}},"2":{"start":{"line":27,"column":4},"end":{"line":29,"column":6}},"3":{"start":{"line":32,"column":4},"end":{"line":36,"column":5}},"4":{"start":{"line":33,"column":6},"end":{"line":35,"column":9}},"5":{"start":{"line":37,"column":4},"end":{"line":37,"column":23}},"6":{"start":{"line":38,"column":4},"end":{"line":38,"column":58}},"7":{"start":{"line":39,"column":15},"end":{"line":39,"column":44}},"8":{"start":{"line":40,"column":4},"end":{"line":40,"column":26}},"9":{"start":{"line":41,"column":4},"end":{"line":44,"column":6}},"10":{"start":{"line":42,"column":6},"end":{"line":42,"column":43}},"11":{"start":{"line":43,"column":6},"end":{"line":43,"column":60}},"12":{"start":{"line":45,"column":4},"end":{"line":45,"column":36}},"13":{"start":{"line":48,"column":4},"end":{"line":60,"column":6}}},"fnMap":{"0":{"name":"(anonymous_0)","decl":{"start":{"line":24,"column":2},"end":{"line":24,"column":3}},"loc":{"start":{"line":24,"column":21},"end":{"line":30,"column":3}},"line":24},"1":{"name":"(anonymous_1)","decl":{"start":{"line":31,"column":2},"end":{"line":31,"column":3}},"loc":{"start":{"line":31,"column":25},"end":{"line":46,"column":3}},"line":31},"2":{"name":"(anonymous_2)","decl":{"start":{"line":41,"column":19},"end":{"line":41,"column":20}},"loc":{"start":{"line":41,"column":30},"end":{"line":44,"column":5}},"line":41},"3":{"name":"(anonymous_3)","decl":{"start":{"line":47,"column":2},"end":{"line":47,"column":3}},"loc":{"start":{"line":47,"column":11},"end":{"line":61,"column":3}},"line":47}},"branchMap":{"0":{"loc":{"start":{"line":32,"column":4},"end":{"line":36,"column":5}},"type":"if","locations":[{"start":{"line":32,"column":4},"end":{"line":36,"column":5}},{"start":{"line":32,"column":4},"end":{"line":36,"column":5}}],"line":32}},"s":{"0":0,"1":0,"2":0,"3":0,"4":0,"5":0,"6":0,"7":0,"8":0,"9":0,"10":0,"11":0,"12":0,"13":0},"f":{"0":0,"1":0,"2":0,"3":0},"b":{"0":[0,0]},"hash":"12a6137843efafcd5b39e530ee43bf062688b045"}
,"C:\\Users\\Nanette\\Desktop\\PROSDEV PROJECT\\PROSDEV-Team_Curry-Jaime\\src\\components\\Navbars\\AdminNavbarLinks.jsx": {"path":"C:\\Users\\Nanette\\Desktop\\PROSDEV PROJECT\\PROSDEV-Team_Curry-Jaime\\src\\components\\Navbars\\AdminNavbarLinks.jsx","statementMap":{"0":{"start":{"line":24,"column":6},"end":{"line":29,"column":12}},"1":{"start":{"line":31,"column":4},"end":{"line":77,"column":6}}},"fnMap":{"0":{"name":"(anonymous_0)","decl":{"start":{"line":22,"column":2},"end":{"line":22,"column":3}},"loc":{"start":{"line":22,"column":11},"end":{"line":78,"column":3}},"line":22}},"branchMap":{},"s":{"0":0,"1":0},"f":{"0":0},"b":{},"hash":"aa636da9d18eda8d19219f4ad9f6f8cbe5c34e9d"}
,"C:\\Users\\Nanette\\Desktop\\PROSDEV PROJECT\\PROSDEV-Team_Curry-Jaime\\src\\components\\Navbars\\EmployeeNavbar.jsx": {"path":"C:\\Users\\Nanette\\Desktop\\PROSDEV PROJECT\\PROSDEV-Team_Curry-Jaime\\src\\components\\Navbars\\EmployeeNavbar.jsx","statementMap":{"0":{"start":{"line":25,"column":4},"end":{"line":25,"column":17}},"1":{"start":{"line":26,"column":4},"end":{"line":26,"column":67}},"2":{"start":{"line":27,"column":4},"end":{"line":29,"column":6}},"3":{"start":{"line":32,"column":4},"end":{"line":36,"column":5}},"4":{"start":{"line":33,"column":6},"end":{"line":35,"column":9}},"5":{"start":{"line":37,"column":4},"end":{"line":37,"column":23}},"6":{"start":{"line":38,"column":4},"end":{"line":38,"column":58}},"7":{"start":{"line":39,"column":15},"end":{"line":39,"column":44}},"8":{"start":{"line":40,"column":4},"end":{"line":40,"column":26}},"9":{"start":{"line":41,"column":4},"end":{"line":44,"column":6}},"10":{"start":{"line":42,"column":6},"end":{"line":42,"column":43}},"11":{"start":{"line":43,"column":6},"end":{"line":43,"column":60}},"12":{"start":{"line":45,"column":4},"end":{"line":45,"column":36}},"13":{"start":{"line":48,"column":4},"end":{"line":60,"column":6}}},"fnMap":{"0":{"name":"(anonymous_0)","decl":{"start":{"line":24,"column":2},"end":{"line":24,"column":3}},"loc":{"start":{"line":24,"column":21},"end":{"line":30,"column":3}},"line":24},"1":{"name":"(anonymous_1)","decl":{"start":{"line":31,"column":2},"end":{"line":31,"column":3}},"loc":{"start":{"line":31,"column":25},"end":{"line":46,"column":3}},"line":31},"2":{"name":"(anonymous_2)","decl":{"start":{"line":41,"column":19},"end":{"line":41,"column":20}},"loc":{"start":{"line":41,"column":30},"end":{"line":44,"column":5}},"line":41},"3":{"name":"(anonymous_3)","decl":{"start":{"line":47,"column":2},"end":{"line":47,"column":3}},"loc":{"start":{"line":47,"column":11},"end":{"line":61,"column":3}},"line":47}},"branchMap":{"0":{"loc":{"start":{"line":32,"column":4},"end":{"line":36,"column":5}},"type":"if","locations":[{"start":{"line":32,"column":4},"end":{"line":36,"column":5}},{"start":{"line":32,"column":4},"end":{"line":36,"column":5}}],"line":32}},"s":{"0":0,"1":0,"2":0,"3":0,"4":0,"5":0,"6":0,"7":0,"8":0,"9":0,"10":0,"11":0,"12":0,"13":0},"f":{"0":0,"1":0,"2":0,"3":0},"b":{"0":[0,0]},"hash":"90ffa084cceceaf02c8136da3624950fa72a1da6"}
,"C:\\Users\\Nanette\\Desktop\\PROSDEV PROJECT\\PROSDEV-Team_Curry-Jaime\\src\\components\\Navbars\\EmployeeNavbarLinks.jsx": {"path":"C:\\Users\\Nanette\\Desktop\\PROSDEV PROJECT\\PROSDEV-Team_Curry-Jaime\\src\\components\\Navbars\\EmployeeNavbarLinks.jsx","statementMap":{"0":{"start":{"line":24,"column":6},"end":{"line":29,"column":12}},"1":{"start":{"line":31,"column":4},"end":{"line":43,"column":6}}},"fnMap":{"0":{"name":"(anonymous_0)","decl":{"start":{"line":22,"column":2},"end":{"line":22,"column":3}},"loc":{"start":{"line":22,"column":11},"end":{"line":44,"column":3}},"line":22}},"branchMap":{},"s":{"0":0,"1":0},"f":{"0":0},"b":{},"hash":"000e8b315ab85c040cc92cab73fd858152e03c5c"}
,"C:\\Users\\Nanette\\Desktop\\PROSDEV PROJECT\\PROSDEV-Team_Curry-Jaime\\src\\components\\Sidebar\\Sidebar.jsx": {"path":"C:\\Users\\Nanette\\Desktop\\PROSDEV PROJECT\\PROSDEV-Team_Curry-Jaime\\src\\components\\Sidebar\\Sidebar.jsx","statementMap":{"0":{"start":{"line":27,"column":4},"end":{"line":27,"column":17}},"1":{"start":{"line":28,"column":4},"end":{"line":30,"column":6}},"2":{"start":{"line":33,"column":4},"end":{"line":33,"column":80}},"3":{"start":{"line":36,"column":4},"end":{"line":36,"column":48}},"4":{"start":{"line":39,"column":4},"end":{"line":39,"column":28}},"5":{"start":{"line":40,"column":4},"end":{"line":40,"column":72}},"6":{"start":{"line":43,"column":30},"end":{"line":45,"column":5}},"7":{"start":{"line":46,"column":4},"end":{"line":87,"column":6}},"8":{"start":{"line":62,"column":14},"end":{"line":81,"column":18}},"9":{"start":{"line":63,"column":16},"end":{"line":81,"column":18}},"10":{"start":{"line":82,"column":14},"end":{"line":82,"column":26}}},"fnMap":{"0":{"name":"(anonymous_0)","decl":{"start":{"line":26,"column":2},"end":{"line":26,"column":3}},"loc":{"start":{"line":26,"column":21},"end":{"line":31,"column":3}},"line":26},"1":{"name":"(anonymous_1)","decl":{"start":{"line":32,"column":2},"end":{"line":32,"column":3}},"loc":{"start":{"line":32,"column":25},"end":{"line":34,"column":3}},"line":32},"2":{"name":"(anonymous_2)","decl":{"start":{"line":35,"column":2},"end":{"line":35,"column":3}},"loc":{"start":{"line":35,"column":21},"end":{"line":37,"column":3}},"line":35},"3":{"name":"(anonymous_3)","decl":{"start":{"line":38,"column":2},"end":{"line":38,"column":3}},"loc":{"start":{"line":38,"column":22},"end":{"line":41,"column":3}},"line":38},"4":{"name":"(anonymous_4)","decl":{"start":{"line":42,"column":2},"end":{"line":42,"column":3}},"loc":{"start":{"line":42,"column":11},"end":{"line":88,"column":3}},"line":42},"5":{"name":"(anonymous_5)","decl":{"start":{"line":61,"column":35},"end":{"line":61,"column":36}},"loc":{"start":{"line":61,"column":50},"end":{"line":83,"column":13}},"line":61}},"branchMap":{"0":{"loc":{"start":{"line":33,"column":11},"end":{"line":33,"column":79}},"type":"cond-expr","locations":[{"start":{"line":33,"column":66},"end":{"line":33,"column":74}},{"start":{"line":33,"column":77},"end":{"line":33,"column":79}}],"line":33},"1":{"loc":{"start":{"line":53,"column":11},"end":{"line":57,"column":11}},"type":"cond-expr","locations":[{"start":{"line":54,"column":12},"end":{"line":54,"column":76}},{"start":{"line":56,"column":12},"end":{"line":56,"column":16}}],"line":53},"2":{"loc":{"start":{"line":60,"column":13},"end":{"line":60,"column":66}},"type":"cond-expr","locations":[{"start":{"line":60,"column":39},"end":{"line":60,"column":59}},{"start":{"line":60,"column":62},"end":{"line":60,"column":66}}],"line":60},"3":{"loc":{"start":{"line":62,"column":14},"end":{"line":81,"column":18}},"type":"if","locations":[{"start":{"line":62,"column":14},"end":{"line":81,"column":18}},{"start":{"line":62,"column":14},"end":{"line":81,"column":18}}],"line":62},"4":{"loc":{"start":{"line":66,"column":22},"end":{"line":68,"column":67}},"type":"cond-expr","locations":[{"start":{"line":67,"column":26},"end":{"line":67,"column":45}},{"start":{"line":68,"column":26},"end":{"line":68,"column":67}}],"line":66}},"s":{"0":0,"1":0,"2":0,"3":0,"4":0,"5":0,"6":0,"7":0,"8":0,"9":0,"10":0},"f":{"0":0,"1":0,"2":0,"3":0,"4":0,"5":0},"b":{"0":[0,0],"1":[0,0],"2":[0,0],"3":[0,0],"4":[0,0]},"hash":"5f7145bcd00ad878733730d7e5d2d94662c27360"}
,"C:\\Users\\Nanette\\Desktop\\PROSDEV PROJECT\\PROSDEV-Team_Curry-Jaime\\src\\components\\StatsCard\\StatsCard.jsx": {"path":"C:\\Users\\Nanette\\Desktop\\PROSDEV PROJECT\\PROSDEV-Team_Curry-Jaime\\src\\components\\StatsCard\\StatsCard.jsx","statementMap":{"0":{"start":{"line":23,"column":4},"end":{"line":47,"column":6}}},"fnMap":{"0":{"name":"(anonymous_0)","decl":{"start":{"line":22,"column":2},"end":{"line":22,"column":3}},"loc":{"start":{"line":22,"column":11},"end":{"line":48,"column":3}},"line":22}},"branchMap":{},"s":{"0":0},"f":{"0":0},"b":{},"hash":"103db5d284f521198e154f9984178f46e8290b1e"}
,"C:\\Users\\Nanette\\Desktop\\PROSDEV PROJECT\\PROSDEV-Team_Curry-Jaime\\src\\components\\Tasks\\Tasks.jsx": {"path":"C:\\Users\\Nanette\\Desktop\\PROSDEV PROJECT\\PROSDEV-Team_Curry-Jaime\\src\\components\\Tasks\\Tasks.jsx","statementMap":{"0":{"start":{"line":24,"column":19},"end":{"line":30,"column":3}},"1":{"start":{"line":25,"column":19},"end":{"line":25,"column":31}},"2":{"start":{"line":26,"column":4},"end":{"line":26,"column":30}},"3":{"start":{"line":27,"column":4},"end":{"line":29,"column":7}},"4":{"start":{"line":32,"column":17},"end":{"line":32,"column":63}},"5":{"start":{"line":33,"column":19},"end":{"line":33,"column":64}},"6":{"start":{"line":34,"column":24},"end":{"line":41,"column":5}},"7":{"start":{"line":42,"column":16},"end":{"line":42,"column":18}},"8":{"start":{"line":44,"column":4},"end":{"line":70,"column":5}},"9":{"start":{"line":44,"column":17},"end":{"line":44,"column":18}},"10":{"start":{"line":45,"column":6},"end":{"line":45,"column":30}},"11":{"start":{"line":46,"column":6},"end":{"line":69,"column":8}},"12":{"start":{"line":71,"column":4},"end":{"line":71,"column":34}}},"fnMap":{"0":{"name":"(anonymous_0)","decl":{"start":{"line":24,"column":19},"end":{"line":24,"column":20}},"loc":{"start":{"line":24,"column":28},"end":{"line":30,"column":3}},"line":24},"1":{"name":"(anonymous_1)","decl":{"start":{"line":31,"column":2},"end":{"line":31,"column":3}},"loc":{"start":{"line":31,"column":11},"end":{"line":72,"column":3}},"line":31}},"branchMap":{"0":{"loc":{"start":{"line":51,"column":25},"end":{"line":51,"column":58}},"type":"cond-expr","locations":[{"start":{"line":51,"column":46},"end":{"line":51,"column":50}},{"start":{"line":51,"column":53},"end":{"line":51,"column":58}}],"line":51},"1":{"loc":{"start":{"line":51,"column":25},"end":{"line":51,"column":43}},"type":"binary-expr","locations":[{"start":{"line":51,"column":25},"end":{"line":51,"column":32}},{"start":{"line":51,"column":36},"end":{"line":51,"column":43}}],"line":51}},"s":{"0":0,"1":0,"2":0,"3":0,"4":0,"5":0,"6":0,"7":0,"8":0,"9":0,"10":0,"11":0,"12":0},"f":{"0":0,"1":0},"b":{"0":[0,0],"1":[0,0]},"hash":"7de2ccbfd0d8c59834fa5bd334f05d683bffac07"}
,"C:\\Users\\Nanette\\Desktop\\PROSDEV PROJECT\\PROSDEV-Team_Curry-Jaime\\src\\components\\UserCard\\UserCard.jsx": {"path":"C:\\Users\\Nanette\\Desktop\\PROSDEV PROJECT\\PROSDEV-Team_Curry-Jaime\\src\\components\\UserCard\\UserCard.jsx","statementMap":{"0":{"start":{"line":22,"column":4},"end":{"line":47,"column":6}}},"fnMap":{"0":{"name":"(anonymous_0)","decl":{"start":{"line":21,"column":2},"end":{"line":21,"column":3}},"loc":{"start":{"line":21,"column":11},"end":{"line":48,"column":3}},"line":21}},"branchMap":{},"s":{"0":0},"f":{"0":0},"b":{},"hash":"0be103711903b7dcb6f31c25546af17415361778"}
,"C:\\Users\\Nanette\\Desktop\\PROSDEV PROJECT\\PROSDEV-Team_Curry-Jaime\\src\\layouts\\Admin.jsx": {"path":"C:\\Users\\Nanette\\Desktop\\PROSDEV PROJECT\\PROSDEV-Team_Curry-Jaime\\src\\layouts\\Admin.jsx","statementMap":{"0":{"start":{"line":31,"column":4},"end":{"line":31,"column":17}},"1":{"start":{"line":32,"column":4},"end":{"line":37,"column":6}},"2":{"start":{"line":39,"column":28},"end":{"line":70,"column":3}},"3":{"start":{"line":40,"column":16},"end":{"line":40,"column":49}},"4":{"start":{"line":42,"column":4},"end":{"line":57,"column":5}},"5":{"start":{"line":44,"column":8},"end":{"line":44,"column":26}},"6":{"start":{"line":45,"column":8},"end":{"line":45,"column":14}},"7":{"start":{"line":47,"column":8},"end":{"line":47,"column":26}},"8":{"start":{"line":48,"column":8},"end":{"line":48,"column":14}},"9":{"start":{"line":50,"column":8},"end":{"line":50,"column":24}},"10":{"start":{"line":51,"column":8},"end":{"line":51,"column":14}},"11":{"start":{"line":53,"column":8},"end":{"line":53,"column":23}},"12":{"start":{"line":54,"column":8},"end":{"line":54,"column":14}},"13":{"start":{"line":56,"column":8},"end":{"line":56,"column":14}},"14":{"start":{"line":58,"column":4},"end":{"line":69,"column":7}},"15":{"start":{"line":71,"column":14},"end":{"line":90,"column":3}},"16":{"start":{"line":72,"column":4},"end":{"line":89,"column":7}},"17":{"start":{"line":73,"column":6},"end":{"line":88,"column":7}},"18":{"start":{"line":74,"column":8},"end":{"line":85,"column":10}},"19":{"start":{"line":78,"column":14},"end":{"line":81,"column":16}},"20":{"start":{"line":87,"column":8},"end":{"line":87,"column":20}},"21":{"start":{"line":91,"column":17},"end":{"line":102,"column":3}},"22":{"start":{"line":92,"column":4},"end":{"line":100,"column":5}},"23":{"start":{"line":92,"column":17},"end":{"line":92,"column":18}},"24":{"start":{"line":93,"column":6},"end":{"line":99,"column":7}},"25":{"start":{"line":98,"column":8},"end":{"line":98,"column":30}},"26":{"start":{"line":101,"column":4},"end":{"line":101,"column":19}},"27":{"start":{"line":103,"column":21},"end":{"line":105,"column":3}},"28":{"start":{"line":104,"column":4},"end":{"line":104,"column":38}},"29":{"start":{"line":106,"column":19},"end":{"line":108,"column":3}},"30":{"start":{"line":107,"column":4},"end":{"line":107,"column":42}},"31":{"start":{"line":109,"column":21},"end":{"line":115,"column":3}},"32":{"start":{"line":110,"column":4},"end":{"line":114,"column":5}},"33":{"start":{"line":111,"column":6},"end":{"line":111,"column":69}},"34":{"start":{"line":113,"column":6},"end":{"line":113,"column":50}},"35":{"start":{"line":117,"column":4},"end":{"line":117,"column":73}},"36":{"start":{"line":118,"column":30},"end":{"line":118,"column":58}},"37":{"start":{"line":119,"column":16},"end":{"line":119,"column":49}},"38":{"start":{"line":121,"column":4},"end":{"line":136,"column":5}},"39":{"start":{"line":123,"column":8},"end":{"line":123,"column":26}},"40":{"start":{"line":124,"column":8},"end":{"line":124,"column":14}},"41":{"start":{"line":126,"column":8},"end":{"line":126,"column":26}},"42":{"start":{"line":127,"column":8},"end":{"line":127,"column":14}},"43":{"start":{"line":129,"column":8},"end":{"line":129,"column":24}},"44":{"start":{"line":130,"column":8},"end":{"line":130,"column":14}},"45":{"start":{"line":132,"column":8},"end":{"line":132,"column":23}},"46":{"start":{"line":133,"column":8},"end":{"line":133,"column":14}},"47":{"start":{"line":135,"column":8},"end":{"line":135,"column":14}},"48":{"start":{"line":137,"column":4},"end":{"line":147,"column":7}},"49":{"start":{"line":150,"column":4},"end":{"line":156,"column":5}},"50":{"start":{"line":155,"column":6},"end":{"line":155,"column":60}},"51":{"start":{"line":157,"column":4},"end":{"line":161,"column":5}},"52":{"start":{"line":158,"column":6},"end":{"line":158,"column":45}},"53":{"start":{"line":159,"column":6},"end":{"line":159,"column":46}},"54":{"start":{"line":160,"column":6},"end":{"line":160,"column":40}},"55":{"start":{"line":164,"column":4},"end":{"line":178,"column":6}}},"fnMap":{"0":{"name":"(anonymous_0)","decl":{"start":{"line":30,"column":2},"end":{"line":30,"column":3}},"loc":{"start":{"line":30,"column":21},"end":{"line":38,"column":3}},"line":30},"1":{"name":"(anonymous_1)","decl":{"start":{"line":39,"column":28},"end":{"line":39,"column":29}},"loc":{"start":{"line":39,"column":40},"end":{"line":70,"column":3}},"line":39},"2":{"name":"(anonymous_2)","decl":{"start":{"line":71,"column":14},"end":{"line":71,"column":15}},"loc":{"start":{"line":71,"column":24},"end":{"line":90,"column":3}},"line":71},"3":{"name":"(anonymous_3)","decl":{"start":{"line":72,"column":22},"end":{"line":72,"column":23}},"loc":{"start":{"line":72,"column":37},"end":{"line":89,"column":5}},"line":72},"4":{"name":"(anonymous_4)","decl":{"start":{"line":77,"column":20},"end":{"line":77,"column":21}},"loc":{"start":{"line":78,"column":14},"end":{"line":81,"column":16}},"line":78},"5":{"name":"(anonymous_5)","decl":{"start":{"line":91,"column":17},"end":{"line":91,"column":18}},"loc":{"start":{"line":91,"column":25},"end":{"line":102,"column":3}},"line":91},"6":{"name":"(anonymous_6)","decl":{"start":{"line":103,"column":21},"end":{"line":103,"column":22}},"loc":{"start":{"line":103,"column":30},"end":{"line":105,"column":3}},"line":103},"7":{"name":"(anonymous_7)","decl":{"start":{"line":106,"column":19},"end":{"line":106,"column":20}},"loc":{"start":{"line":106,"column":31},"end":{"line":108,"column":3}},"line":106},"8":{"name":"(anonymous_8)","decl":{"start":{"line":109,"column":21},"end":{"line":109,"column":22}},"loc":{"start":{"line":109,"column":27},"end":{"line":115,"column":3}},"line":109},"9":{"name":"(anonymous_9)","decl":{"start":{"line":116,"column":2},"end":{"line":116,"column":3}},"loc":{"start":{"line":116,"column":22},"end":{"line":148,"column":3}},"line":116},"10":{"name":"(anonymous_10)","decl":{"start":{"line":149,"column":2},"end":{"line":149,"column":3}},"loc":{"start":{"line":149,"column":24},"end":{"line":162,"column":3}},"line":149},"11":{"name":"(anonymous_11)","decl":{"start":{"line":163,"column":2},"end":{"line":163,"column":3}},"loc":{"start":{"line":163,"column":11},"end":{"line":179,"column":3}},"line":163}},"branchMap":{"0":{"loc":{"start":{"line":42,"column":4},"end":{"line":57,"column":5}},"type":"switch","locations":[{"start":{"line":43,"column":6},"end":{"line":45,"column":14}},{"start":{"line":46,"column":6},"end":{"line":48,"column":14}},{"start":{"line":49,"column":6},"end":{"line":51,"column":14}},{"start":{"line":52,"column":6},"end":{"line":54,"column":14}},{"start":{"line":55,"column":6},"end":{"line":56,"column":14}}],"line":42},"1":{"loc":{"start":{"line":73,"column":6},"end":{"line":88,"column":7}},"type":"if","locations":[{"start":{"line":73,"column":6},"end":{"line":88,"column":7}},{"start":{"line":73,"column":6},"end":{"line":88,"column":7}}],"line":73},"2":{"loc":{"start":{"line":93,"column":6},"end":{"line":99,"column":7}},"type":"if","locations":[{"start":{"line":93,"column":6},"end":{"line":99,"column":7}},{"start":{"line":93,"column":6},"end":{"line":99,"column":7}}],"line":93},"3":{"loc":{"start":{"line":110,"column":4},"end":{"line":114,"column":5}},"type":"if","locations":[{"start":{"line":110,"column":4},"end":{"line":114,"column":5}},{"start":{"line":110,"column":4},"end":{"line":114,"column":5}}],"line":110},"4":{"loc":{"start":{"line":121,"column":4},"end":{"line":136,"column":5}},"type":"switch","locations":[{"start":{"line":122,"column":6},"end":{"line":124,"column":14}},{"start":{"line":125,"column":6},"end":{"line":127,"column":14}},{"start":{"line":128,"column":6},"end":{"line":130,"column":14}},{"start":{"line":131,"column":6},"end":{"line":133,"column":14}},{"start":{"line":134,"column":6},"end":{"line":135,"column":14}}],"line":121},"5":{"loc":{"start":{"line":150,"column":4},"end":{"line":156,"column":5}},"type":"if","locations":[{"start":{"line":150,"column":4},"end":{"line":156,"column":5}},{"start":{"line":150,"column":4},"end":{"line":156,"column":5}}],"line":150},"6":{"loc":{"start":{"line":151,"column":6},"end":{"line":153,"column":67}},"type":"binary-expr","locations":[{"start":{"line":151,"column":6},"end":{"line":151,"column":29}},{"start":{"line":152,"column":6},"end":{"line":152,"column":57}},{"start":{"line":153,"column":6},"end":{"line":153,"column":67}}],"line":151},"7":{"loc":{"start":{"line":157,"column":4},"end":{"line":161,"column":5}},"type":"if","locations":[{"start":{"line":157,"column":4},"end":{"line":161,"column":5}},{"start":{"line":157,"column":4},"end":{"line":161,"column":5}}],"line":157}},"s":{"0":0,"1":0,"2":0,"3":0,"4":0,"5":0,"6":0,"7":0,"8":0,"9":0,"10":0,"11":0,"12":0,"13":0,"14":0,"15":0,"16":0,"17":0,"18":0,"19":0,"20":0,"21":0,"22":0,"23":0,"24":0,"25":0,"26":0,"27":0,"28":0,"29":0,"30":0,"31":0,"32":0,"33":0,"34":0,"35":0,"36":0,"37":0,"38":0,"39":0,"40":0,"41":0,"42":0,"43":0,"44":0,"45":0,"46":0,"47":0,"48":0,"49":0,"50":0,"51":0,"52":0,"53":0,"54":0,"55":0},"f":{"0":0,"1":0,"2":0,"3":0,"4":0,"5":0,"6":0,"7":0,"8":0,"9":0,"10":0,"11":0},"b":{"0":[0,0,0,0,0],"1":[0,0],"2":[0,0],"3":[0,0],"4":[0,0,0,0,0],"5":[0,0],"6":[0,0,0],"7":[0,0]},"hash":"ba9f0789caffc30ea47a69ed8e127998021af932"}
,"C:\\Users\\Nanette\\Desktop\\PROSDEV PROJECT\\PROSDEV-Team_Curry-Jaime\\src\\layouts\\Employee.jsx": {"path":"C:\\Users\\Nanette\\Desktop\\PROSDEV PROJECT\\PROSDEV-Team_Curry-Jaime\\src\\layouts\\Employee.jsx","statementMap":{"0":{"start":{"line":31,"column":4},"end":{"line":31,"column":17}},"1":{"start":{"line":32,"column":4},"end":{"line":37,"column":6}},"2":{"start":{"line":39,"column":28},"end":{"line":70,"column":3}},"3":{"start":{"line":40,"column":16},"end":{"line":40,"column":49}},"4":{"start":{"line":42,"column":4},"end":{"line":57,"column":5}},"5":{"start":{"line":44,"column":8},"end":{"line":44,"column":26}},"6":{"start":{"line":45,"column":8},"end":{"line":45,"column":14}},"7":{"start":{"line":47,"column":8},"end":{"line":47,"column":26}},"8":{"start":{"line":48,"column":8},"end":{"line":48,"column":14}},"9":{"start":{"line":50,"column":8},"end":{"line":50,"column":24}},"10":{"start":{"line":51,"column":8},"end":{"line":51,"column":14}},"11":{"start":{"line":53,"column":8},"end":{"line":53,"column":23}},"12":{"start":{"line":54,"column":8},"end":{"line":54,"column":14}},"13":{"start":{"line":56,"column":8},"end":{"line":56,"column":14}},"14":{"start":{"line":58,"column":4},"end":{"line":69,"column":7}},"15":{"start":{"line":71,"column":14},"end":{"line":90,"column":3}},"16":{"start":{"line":72,"column":4},"end":{"line":89,"column":7}},"17":{"start":{"line":73,"column":6},"end":{"line":88,"column":7}},"18":{"start":{"line":74,"column":8},"end":{"line":85,"column":10}},"19":{"start":{"line":78,"column":14},"end":{"line":81,"column":16}},"20":{"start":{"line":87,"column":8},"end":{"line":87,"column":20}},"21":{"start":{"line":91,"column":17},"end":{"line":102,"column":3}},"22":{"start":{"line":92,"column":4},"end":{"line":100,"column":5}},"23":{"start":{"line":92,"column":17},"end":{"line":92,"column":18}},"24":{"start":{"line":93,"column":6},"end":{"line":99,"column":7}},"25":{"start":{"line":98,"column":8},"end":{"line":98,"column":30}},"26":{"start":{"line":101,"column":4},"end":{"line":101,"column":19}},"27":{"start":{"line":103,"column":21},"end":{"line":105,"column":3}},"28":{"start":{"line":104,"column":4},"end":{"line":104,"column":38}},"29":{"start":{"line":106,"column":19},"end":{"line":108,"column":3}},"30":{"start":{"line":107,"column":4},"end":{"line":107,"column":42}},"31":{"start":{"line":109,"column":21},"end":{"line":115,"column":3}},"32":{"start":{"line":110,"column":4},"end":{"line":114,"column":5}},"33":{"start":{"line":111,"column":6},"end":{"line":111,"column":69}},"34":{"start":{"line":113,"column":6},"end":{"line":113,"column":50}},"35":{"start":{"line":117,"column":4},"end":{"line":117,"column":73}},"36":{"start":{"line":118,"column":30},"end":{"line":118,"column":58}},"37":{"start":{"line":119,"column":16},"end":{"line":119,"column":49}},"38":{"start":{"line":121,"column":4},"end":{"line":136,"column":5}},"39":{"start":{"line":123,"column":8},"end":{"line":123,"column":26}},"40":{"start":{"line":124,"column":8},"end":{"line":124,"column":14}},"41":{"start":{"line":126,"column":8},"end":{"line":126,"column":26}},"42":{"start":{"line":127,"column":8},"end":{"line":127,"column":14}},"43":{"start":{"line":129,"column":8},"end":{"line":129,"column":24}},"44":{"start":{"line":130,"column":8},"end":{"line":130,"column":14}},"45":{"start":{"line":132,"column":8},"end":{"line":132,"column":23}},"46":{"start":{"line":133,"column":8},"end":{"line":133,"column":14}},"47":{"start":{"line":135,"column":8},"end":{"line":135,"column":14}},"48":{"start":{"line":137,"column":4},"end":{"line":147,"column":7}},"49":{"start":{"line":150,"column":4},"end":{"line":156,"column":5}},"50":{"start":{"line":155,"column":6},"end":{"line":155,"column":60}},"51":{"start":{"line":157,"column":4},"end":{"line":161,"column":5}},"52":{"start":{"line":158,"column":6},"end":{"line":158,"column":45}},"53":{"start":{"line":159,"column":6},"end":{"line":159,"column":46}},"54":{"start":{"line":160,"column":6},"end":{"line":160,"column":40}},"55":{"start":{"line":164,"column":4},"end":{"line":178,"column":6}}},"fnMap":{"0":{"name":"(anonymous_0)","decl":{"start":{"line":30,"column":2},"end":{"line":30,"column":3}},"loc":{"start":{"line":30,"column":21},"end":{"line":38,"column":3}},"line":30},"1":{"name":"(anonymous_1)","decl":{"start":{"line":39,"column":28},"end":{"line":39,"column":29}},"loc":{"start":{"line":39,"column":40},"end":{"line":70,"column":3}},"line":39},"2":{"name":"(anonymous_2)","decl":{"start":{"line":71,"column":14},"end":{"line":71,"column":15}},"loc":{"start":{"line":71,"column":24},"end":{"line":90,"column":3}},"line":71},"3":{"name":"(anonymous_3)","decl":{"start":{"line":72,"column":22},"end":{"line":72,"column":23}},"loc":{"start":{"line":72,"column":37},"end":{"line":89,"column":5}},"line":72},"4":{"name":"(anonymous_4)","decl":{"start":{"line":77,"column":20},"end":{"line":77,"column":21}},"loc":{"start":{"line":78,"column":14},"end":{"line":81,"column":16}},"line":78},"5":{"name":"(anonymous_5)","decl":{"start":{"line":91,"column":17},"end":{"line":91,"column":18}},"loc":{"start":{"line":91,"column":25},"end":{"line":102,"column":3}},"line":91},"6":{"name":"(anonymous_6)","decl":{"start":{"line":103,"column":21},"end":{"line":103,"column":22}},"loc":{"start":{"line":103,"column":30},"end":{"line":105,"column":3}},"line":103},"7":{"name":"(anonymous_7)","decl":{"start":{"line":106,"column":19},"end":{"line":106,"column":20}},"loc":{"start":{"line":106,"column":31},"end":{"line":108,"column":3}},"line":106},"8":{"name":"(anonymous_8)","decl":{"start":{"line":109,"column":21},"end":{"line":109,"column":22}},"loc":{"start":{"line":109,"column":27},"end":{"line":115,"column":3}},"line":109},"9":{"name":"(anonymous_9)","decl":{"start":{"line":116,"column":2},"end":{"line":116,"column":3}},"loc":{"start":{"line":116,"column":22},"end":{"line":148,"column":3}},"line":116},"10":{"name":"(anonymous_10)","decl":{"start":{"line":149,"column":2},"end":{"line":149,"column":3}},"loc":{"start":{"line":149,"column":24},"end":{"line":162,"column":3}},"line":149},"11":{"name":"(anonymous_11)","decl":{"start":{"line":163,"column":2},"end":{"line":163,"column":3}},"loc":{"start":{"line":163,"column":11},"end":{"line":179,"column":3}},"line":163}},"branchMap":{"0":{"loc":{"start":{"line":42,"column":4},"end":{"line":57,"column":5}},"type":"switch","locations":[{"start":{"line":43,"column":6},"end":{"line":45,"column":14}},{"start":{"line":46,"column":6},"end":{"line":48,"column":14}},{"start":{"line":49,"column":6},"end":{"line":51,"column":14}},{"start":{"line":52,"column":6},"end":{"line":54,"column":14}},{"start":{"line":55,"column":6},"end":{"line":56,"column":14}}],"line":42},"1":{"loc":{"start":{"line":73,"column":6},"end":{"line":88,"column":7}},"type":"if","locations":[{"start":{"line":73,"column":6},"end":{"line":88,"column":7}},{"start":{"line":73,"column":6},"end":{"line":88,"column":7}}],"line":73},"2":{"loc":{"start":{"line":93,"column":6},"end":{"line":99,"column":7}},"type":"if","locations":[{"start":{"line":93,"column":6},"end":{"line":99,"column":7}},{"start":{"line":93,"column":6},"end":{"line":99,"column":7}}],"line":93},"3":{"loc":{"start":{"line":110,"column":4},"end":{"line":114,"column":5}},"type":"if","locations":[{"start":{"line":110,"column":4},"end":{"line":114,"column":5}},{"start":{"line":110,"column":4},"end":{"line":114,"column":5}}],"line":110},"4":{"loc":{"start":{"line":121,"column":4},"end":{"line":136,"column":5}},"type":"switch","locations":[{"start":{"line":122,"column":6},"end":{"line":124,"column":14}},{"start":{"line":125,"column":6},"end":{"line":127,"column":14}},{"start":{"line":128,"column":6},"end":{"line":130,"column":14}},{"start":{"line":131,"column":6},"end":{"line":133,"column":14}},{"start":{"line":134,"column":6},"end":{"line":135,"column":14}}],"line":121},"5":{"loc":{"start":{"line":150,"column":4},"end":{"line":156,"column":5}},"type":"if","locations":[{"start":{"line":150,"column":4},"end":{"line":156,"column":5}},{"start":{"line":150,"column":4},"end":{"line":156,"column":5}}],"line":150},"6":{"loc":{"start":{"line":151,"column":6},"end":{"line":153,"column":67}},"type":"binary-expr","locations":[{"start":{"line":151,"column":6},"end":{"line":151,"column":29}},{"start":{"line":152,"column":6},"end":{"line":152,"column":57}},{"start":{"line":153,"column":6},"end":{"line":153,"column":67}}],"line":151},"7":{"loc":{"start":{"line":157,"column":4},"end":{"line":161,"column":5}},"type":"if","locations":[{"start":{"line":157,"column":4},"end":{"line":161,"column":5}},{"start":{"line":157,"column":4},"end":{"line":161,"column":5}}],"line":157}},"s":{"0":0,"1":0,"2":0,"3":0,"4":0,"5":0,"6":0,"7":0,"8":0,"9":0,"10":0,"11":0,"12":0,"13":0,"14":0,"15":0,"16":0,"17":0,"18":0,"19":0,"20":0,"21":0,"22":0,"23":0,"24":0,"25":0,"26":0,"27":0,"28":0,"29":0,"30":0,"31":0,"32":0,"33":0,"34":0,"35":0,"36":0,"37":0,"38":0,"39":0,"40":0,"41":0,"42":0,"43":0,"44":0,"45":0,"46":0,"47":0,"48":0,"49":0,"50":0,"51":0,"52":0,"53":0,"54":0,"55":0},"f":{"0":0,"1":0,"2":0,"3":0,"4":0,"5":0,"6":0,"7":0,"8":0,"9":0,"10":0,"11":0},"b":{"0":[0,0,0,0,0],"1":[0,0],"2":[0,0],"3":[0,0],"4":[0,0,0,0,0],"5":[0,0],"6":[0,0,0],"7":[0,0]},"hash":"a5bf07888779ac266b4246aea933176ee4510d3e"}
,"C:\\Users\\Nanette\\Desktop\\PROSDEV PROJECT\\PROSDEV-Team_Curry-Jaime\\src\\variables\\Variables.jsx": {"path":"C:\\Users\\Nanette\\Desktop\\PROSDEV PROJECT\\PROSDEV-Team_Curry-Jaime\\src\\variables\\Variables.jsx","statementMap":{"0":{"start":{"line":24,"column":2},"end":{"line":26,"column":25}},"1":{"start":{"line":28,"column":12},"end":{"line":262,"column":1}},"2":{"start":{"line":269,"column":18},"end":{"line":269,"column":60}},"3":{"start":{"line":270,"column":18},"end":{"line":277,"column":1}},"4":{"start":{"line":279,"column":17},"end":{"line":279,"column":65}},"5":{"start":{"line":280,"column":17},"end":{"line":288,"column":1}},"6":{"start":{"line":290,"column":0},"end":{"line":296,"column":2}}},"fnMap":{},"branchMap":{"0":{"loc":{"start":{"line":24,"column":2},"end":{"line":26,"column":25}},"type":"cond-expr","locations":[{"start":{"line":25,"column":6},"end":{"line":25,"column":35}},{"start":{"line":26,"column":6},"end":{"line":26,"column":25}}],"line":24}},"s":{"0":0,"1":0,"2":0,"3":0,"4":0,"5":0,"6":0},"f":{},"b":{"0":[0,0]},"hash":"a780016d0da31b2408235b6f4e819bf58c4772e3"}
,"C:\\Users\\Nanette\\Desktop\\PROSDEV PROJECT\\PROSDEV-Team_Curry-Jaime\\src\\views\\POTableList.jsx": {"path":"C:\\Users\\Nanette\\Desktop\\PROSDEV PROJECT\\PROSDEV-Team_Curry-Jaime\\src\\views\\POTableList.jsx","statementMap":{"0":{"start":{"line":27,"column":4},"end":{"line":65,"column":6}},"1":{"start":{"line":41,"column":26},"end":{"line":41,"column":59}},"2":{"start":{"line":47,"column":24},"end":{"line":54,"column":26}},"3":{"start":{"line":50,"column":30},"end":{"line":50,"column":63}}},"fnMap":{"0":{"name":"(anonymous_0)","decl":{"start":{"line":26,"column":2},"end":{"line":26,"column":3}},"loc":{"start":{"line":26,"column":11},"end":{"line":66,"column":3}},"line":26},"1":{"name":"(anonymous_1)","decl":{"start":{"line":40,"column":38},"end":{"line":40,"column":39}},"loc":{"start":{"line":40,"column":53},"end":{"line":42,"column":25}},"line":40},"2":{"name":"(anonymous_2)","decl":{"start":{"line":46,"column":36},"end":{"line":46,"column":37}},"loc":{"start":{"line":46,"column":51},"end":{"line":55,"column":23}},"line":46},"3":{"name":"(anonymous_3)","decl":{"start":{"line":49,"column":38},"end":{"line":49,"column":39}},"loc":{"start":{"line":49,"column":53},"end":{"line":51,"column":29}},"line":49}},"branchMap":{},"s":{"0":0,"1":0,"2":0,"3":0},"f":{"0":0,"1":0,"2":0,"3":0},"b":{},"hash":"c70db0fc4b895656526079f6c9f4d4600c35092b"}
,"C:\\Users\\Nanette\\Desktop\\PROSDEV PROJECT\\PROSDEV-Team_Curry-Jaime\\src\\views\\PRFTableList.jsx": {"path":"C:\\Users\\Nanette\\Desktop\\PROSDEV PROJECT\\PROSDEV-Team_Curry-Jaime\\src\\views\\PRFTableList.jsx","statementMap":{"0":{"start":{"line":29,"column":4},"end":{"line":76,"column":6}},"1":{"start":{"line":47,"column":26},"end":{"line":47,"column":59}},"2":{"start":{"line":53,"column":24},"end":{"line":64,"column":26}},"3":{"start":{"line":56,"column":30},"end":{"line":56,"column":63}}},"fnMap":{"0":{"name":"(anonymous_0)","decl":{"start":{"line":28,"column":2},"end":{"line":28,"column":3}},"loc":{"start":{"line":28,"column":11},"end":{"line":77,"column":3}},"line":28},"1":{"name":"(anonymous_1)","decl":{"start":{"line":46,"column":39},"end":{"line":46,"column":40}},"loc":{"start":{"line":46,"column":54},"end":{"line":48,"column":25}},"line":46},"2":{"name":"(anonymous_2)","decl":{"start":{"line":52,"column":37},"end":{"line":52,"column":38}},"loc":{"start":{"line":52,"column":52},"end":{"line":65,"column":23}},"line":52},"3":{"name":"(anonymous_3)","decl":{"start":{"line":55,"column":38},"end":{"line":55,"column":39}},"loc":{"start":{"line":55,"column":53},"end":{"line":57,"column":29}},"line":55}},"branchMap":{},"s":{"0":0,"1":0,"2":0,"3":0},"f":{"0":0,"1":0,"2":0,"3":0},"b":{},"hash":"1aeef17286fafdeee51b4111d0f98bd4d1723d0c"}
}
