{"C:\\Users\\Nanette\\Desktop\\PROSDEV-Team_Curry-Jaime\\src\\components\\Login\\login.component.js": {"path":"C:\\Users\\Nanette\\Desktop\\PROSDEV-Team_Curry-Jaime\\src\\components\\Login\\login.component.js","statementMap":{"0":{"start":{"line":10,"column":16},"end":{"line":13,"column":1}},"1":{"start":{"line":14,"column":22},"end":{"line":14,"column":32}},"2":{"start":{"line":18,"column":8},"end":{"line":18,"column":20}},"3":{"start":{"line":22,"column":8},"end":{"line":26,"column":9}},"4":{"start":{"line":28,"column":8},"end":{"line":28,"column":56}},"5":{"start":{"line":29,"column":8},"end":{"line":29,"column":64}},"6":{"start":{"line":30,"column":8},"end":{"line":30,"column":44}},"7":{"start":{"line":34,"column":25},"end":{"line":34,"column":45}},"8":{"start":{"line":35,"column":8},"end":{"line":35,"column":50}},"9":{"start":{"line":36,"column":8},"end":{"line":36,"column":43}},"10":{"start":{"line":37,"column":8},"end":{"line":37,"column":31}},"11":{"start":{"line":41,"column":8},"end":{"line":41,"column":26}},"12":{"start":{"line":45,"column":38},"end":{"line":45,"column":48}},"13":{"start":{"line":46,"column":24},"end":{"line":46,"column":45}},"14":{"start":{"line":48,"column":8},"end":{"line":56,"column":9}},"15":{"start":{"line":49,"column":25},"end":{"line":49,"column":58}},"16":{"start":{"line":50,"column":12},"end":{"line":50,"column":29}},"17":{"start":{"line":51,"column":12},"end":{"line":51,"column":53}},"18":{"start":{"line":52,"column":12},"end":{"line":52,"column":50}},"19":{"start":{"line":54,"column":12},"end":{"line":54,"column":38}},"20":{"start":{"line":55,"column":12},"end":{"line":55,"column":38}},"21":{"start":{"line":61,"column":8},"end":{"line":61,"column":26}},"22":{"start":{"line":62,"column":32},"end":{"line":62,"column":40}},"23":{"start":{"line":64,"column":8},"end":{"line":66,"column":10}},"24":{"start":{"line":65,"column":12},"end":{"line":65,"column":44}},"25":{"start":{"line":69,"column":20},"end":{"line":71,"column":5}},"26":{"start":{"line":70,"column":8},"end":{"line":70,"column":52}},"27":{"start":{"line":74,"column":8},"end":{"line":80,"column":9}},"28":{"start":{"line":76,"column":12},"end":{"line":79,"column":59}},"29":{"start":{"line":77,"column":16},"end":{"line":77,"column":56}},"30":{"start":{"line":79,"column":16},"end":{"line":79,"column":59}},"31":{"start":{"line":84,"column":8},"end":{"line":114,"column":10}}},"fnMap":{"0":{"name":"(anonymous_0)","decl":{"start":{"line":17,"column":4},"end":{"line":17,"column":5}},"loc":{"start":{"line":17,"column":23},"end":{"line":31,"column":5}},"line":17},"1":{"name":"(anonymous_1)","decl":{"start":{"line":33,"column":4},"end":{"line":33,"column":5}},"loc":{"start":{"line":33,"column":20},"end":{"line":38,"column":5}},"line":33},"2":{"name":"(anonymous_2)","decl":{"start":{"line":40,"column":4},"end":{"line":40,"column":5}},"loc":{"start":{"line":40,"column":31},"end":{"line":58,"column":5}},"line":40},"3":{"name":"(anonymous_3)","decl":{"start":{"line":60,"column":4},"end":{"line":60,"column":5}},"loc":{"start":{"line":60,"column":20},"end":{"line":67,"column":5}},"line":60},"4":{"name":"(anonymous_4)","decl":{"start":{"line":64,"column":40},"end":{"line":64,"column":41}},"loc":{"start":{"line":64,"column":46},"end":{"line":66,"column":9}},"line":64},"5":{"name":"(anonymous_5)","decl":{"start":{"line":69,"column":20},"end":{"line":69,"column":21}},"loc":{"start":{"line":69,"column":31},"end":{"line":71,"column":5}},"line":69},"6":{"name":"(anonymous_6)","decl":{"start":{"line":73,"column":4},"end":{"line":73,"column":5}},"loc":{"start":{"line":73,"column":21},"end":{"line":81,"column":5}},"line":73},"7":{"name":"(anonymous_7)","decl":{"start":{"line":83,"column":4},"end":{"line":83,"column":5}},"loc":{"start":{"line":83,"column":13},"end":{"line":115,"column":5}},"line":83}},"branchMap":{"0":{"loc":{"start":{"line":74,"column":8},"end":{"line":80,"column":9}},"type":"if","locations":[{"start":{"line":74,"column":8},"end":{"line":80,"column":9}},{"start":{"line":74,"column":8},"end":{"line":80,"column":9}}],"line":74},"1":{"loc":{"start":{"line":76,"column":12},"end":{"line":79,"column":59}},"type":"if","locations":[{"start":{"line":76,"column":12},"end":{"line":79,"column":59}},{"start":{"line":76,"column":12},"end":{"line":79,"column":59}}],"line":76}},"s":{"0":3,"1":3,"2":0,"3":0,"4":0,"5":0,"6":0,"7":0,"8":0,"9":0,"10":0,"11":0,"12":0,"13":0,"14":0,"15":0,"16":0,"17":0,"18":0,"19":0,"20":0,"21":0,"22":0,"23":0,"24":0,"25":0,"26":0,"27":0,"28":0,"29":0,"30":0,"31":0},"f":{"0":0,"1":0,"2":0,"3":0,"4":0,"5":0,"6":0,"7":0},"b":{"0":[0,0],"1":[0,0]},"_coverageSchema":"43e27e138ebf9cfc5966b082cf9a028302ed4184","hash":"b67fa7a958449aaea712e64a6431bec98fc3f549"}
}
