TN:
SF:C:\Users\Nanette\Desktop\PROSDEV PROJECT\PROSDEV-Team_Curry-Jaime\src\App.js
FN:9,App
FNF:1
FNH:0
FNDA:0,App
DA:10,0
LF:1
LH:0
BRF:0
BRH:0
end_of_record
TN:
SF:C:\Users\Nanette\Desktop\PROSDEV PROJECT\PROSDEV-Team_Curry-Jaime\src\index.js
FN:38,(anonymous_0)
FNF:1
FNH:0
FNDA:0,(anonymous_0)
DA:34,0
DA:38,0
LF:2
LH:0
BRF:0
BRH:0
end_of_record
TN:
SF:C:\Users\Nanette\Desktop\PROSDEV PROJECT\PROSDEV-Team_Curry-Jaime\src\routes.js
FNF:0
FNH:0
DA:22,0
LF:1
LH:0
BRF:0
BRH:0
end_of_record
TN:
SF:C:\Users\Nanette\Desktop\PROSDEV PROJECT\PROSDEV-Team_Curry-Jaime\src\serviceWorker.js
FN:23,register
FN:34,(anonymous_1)
FN:43,(anonymous_2)
FN:57,registerValidSW
FN:60,(anonymous_4)
FN:61,(anonymous_5)
FN:66,(anonymous_6)
FN:96,(anonymous_7)
FN:101,checkValidServiceWorker
FN:106,(anonymous_9)
FN:114,(anonymous_10)
FN:115,(anonymous_11)
FN:124,(anonymous_12)
FN:131,unregister
FN:134,(anonymous_14)
FN:137,(anonymous_15)
FNF:16
FNH:0
FNDA:0,register
FNDA:0,(anonymous_1)
FNDA:0,(anonymous_2)
FNDA:0,registerValidSW
FNDA:0,(anonymous_4)
FNDA:0,(anonymous_5)
FNDA:0,(anonymous_6)
FNDA:0,(anonymous_7)
FNDA:0,checkValidServiceWorker
FNDA:0,(anonymous_9)
FNDA:0,(anonymous_10)
FNDA:0,(anonymous_11)
FNDA:0,(anonymous_12)
FNDA:0,unregister
FNDA:0,(anonymous_14)
FNDA:0,(anonymous_15)
DA:13,0
DA:24,0
DA:26,0
DA:27,0
DA:31,0
DA:34,0
DA:35,0
DA:37,0
DA:39,0
DA:43,0
DA:44,0
DA:51,0
DA:58,0
DA:61,0
DA:62,0
DA:63,0
DA:64,0
DA:66,0
DA:67,0
DA:68,0
DA:72,0
DA:78,0
DA:79,0
DA:85,0
DA:88,0
DA:89,0
DA:97,0
DA:103,0
DA:108,0
DA:109,0
DA:114,0
DA:115,0
DA:116,0
DA:121,0
DA:125,0
DA:132,0
DA:133,0
DA:135,0
DA:138,0
LF:39
LH:0
BRDA:14,0,0,0
BRDA:14,0,1,0
BRDA:14,0,2,0
BRDA:24,1,0,0
BRDA:24,1,1,0
BRDA:24,2,0,0
BRDA:24,2,1,0
BRDA:27,3,0,0
BRDA:27,3,1,0
BRDA:37,4,0,0
BRDA:37,4,1,0
BRDA:63,5,0,0
BRDA:63,5,1,0
BRDA:67,6,0,0
BRDA:67,6,1,0
BRDA:68,7,0,0
BRDA:68,7,1,0
BRDA:78,8,0,0
BRDA:78,8,1,0
BRDA:78,9,0,0
BRDA:78,9,1,0
BRDA:88,10,0,0
BRDA:88,10,1,0
BRDA:88,11,0,0
BRDA:88,11,1,0
BRDA:109,12,0,0
BRDA:109,12,1,0
BRDA:110,13,0,0
BRDA:110,13,1,0
BRDA:110,13,2,0
BRDA:132,14,0,0
BRDA:132,14,1,0
BRF:32
BRH:0
end_of_record
TN:
SF:C:\Users\Nanette\Desktop\PROSDEV PROJECT\PROSDEV-Team_Curry-Jaime\src\components\login.component.js
FN:11,(anonymous_0)
FNF:1
FNH:0
FNDA:0,(anonymous_0)
DA:5,0
DA:8,0
DA:12,0
LF:3
LH:0
BRF:0
BRH:0
end_of_record
TN:
SF:C:\Users\Nanette\Desktop\PROSDEV PROJECT\PROSDEV-Team_Curry-Jaime\src\components\prf.component.js
FNF:0
FNH:0
LF:0
LH:0
BRF:0
BRH:0
end_of_record
TN:
SF:C:\Users\Nanette\Desktop\PROSDEV PROJECT\PROSDEV-Team_Curry-Jaime\src\components\Card\Card.jsx
FN:21,(anonymous_0)
FNF:1
FNH:0
FNDA:0,(anonymous_0)
DA:22,0
LF:1
LH:0
BRDA:23,0,0,0
BRDA:23,0,1,0
BRDA:24,1,0,0
BRDA:24,1,1,0
BRDA:31,2,0,0
BRDA:31,2,1,0
BRDA:32,3,0,0
BRDA:32,3,1,0
BRDA:33,4,0,0
BRDA:33,4,1,0
BRDA:34,5,0,0
BRDA:34,5,1,0
BRDA:41,6,0,0
BRDA:41,6,1,0
BRF:14
BRH:0
end_of_record
TN:
SF:C:\Users\Nanette\Desktop\PROSDEV PROJECT\PROSDEV-Team_Curry-Jaime\src\components\CustomButton\CustomButton.jsx
FN:24,(anonymous_0)
FNF:1
FNH:0
FNDA:0,(anonymous_0)
DA:25,0
DA:27,0
DA:35,0
DA:39,0
LF:4
LH:0
BRF:0
BRH:0
end_of_record
TN:
SF:C:\Users\Nanette\Desktop\PROSDEV PROJECT\PROSDEV-Team_Curry-Jaime\src\components\DatePicker\DatePicker.jsx
FN:10,MaterialUIPickers
FN:15,(anonymous_1)
FN:18,(anonymous_2)
FNF:3
FNH:0
FNDA:0,MaterialUIPickers
FNDA:0,(anonymous_1)
FNDA:0,(anonymous_2)
DA:12,0
DA:13,0
DA:15,0
DA:16,0
DA:18,0
DA:19,0
DA:22,0
LF:7
LH:0
BRF:0
BRH:0
end_of_record
TN:
SF:C:\Users\Nanette\Desktop\PROSDEV PROJECT\PROSDEV-Team_Curry-Jaime\src\components\Footer\Footer.jsx
FN:22,(anonymous_0)
FNF:1
FNH:0
FNDA:0,(anonymous_0)
DA:23,0
LF:1
LH:0
BRF:0
BRH:0
end_of_record
TN:
SF:C:\Users\Nanette\Desktop\PROSDEV PROJECT\PROSDEV-Team_Curry-Jaime\src\components\FormInputs\FormInputs.jsx
FN:21,FieldGroup
FN:31,(anonymous_1)
FNF:2
FNH:0
FNDA:0,FieldGroup
FNDA:0,(anonymous_1)
DA:22,0
DA:32,0
DA:33,0
DA:34,0
DA:40,0
LF:5
LH:0
BRF:0
BRH:0
end_of_record
TN:
SF:C:\Users\Nanette\Desktop\PROSDEV PROJECT\PROSDEV-Team_Curry-Jaime\src\components\Login\login.component.js
FN:14,(anonymous_0)
FNF:1
FNH:1
FNDA:1,(anonymous_0)
DA:8,1
DA:11,1
DA:15,1
LF:3
LH:3
BRF:0
BRH:0
end_of_record
TN:
SF:C:\Users\Nanette\Desktop\PROSDEV PROJECT\PROSDEV-Team_Curry-Jaime\src\components\Navbars\AdminNavbar.jsx
FN:24,(anonymous_0)
FN:31,(anonymous_1)
FN:41,(anonymous_2)
FN:47,(anonymous_3)
FNF:4
FNH:0
FNDA:0,(anonymous_0)
FNDA:0,(anonymous_1)
FNDA:0,(anonymous_2)
FNDA:0,(anonymous_3)
DA:25,0
DA:26,0
DA:27,0
DA:32,0
DA:33,0
DA:37,0
DA:38,0
DA:39,0
DA:40,0
DA:41,0
DA:42,0
DA:43,0
DA:45,0
DA:48,0
LF:14
LH:0
BRDA:32,0,0,0
BRDA:32,0,1,0
BRF:2
BRH:0
end_of_record
TN:
SF:C:\Users\Nanette\Desktop\PROSDEV PROJECT\PROSDEV-Team_Curry-Jaime\src\components\Navbars\AdminNavbarLinks.jsx
FN:22,(anonymous_0)
FNF:1
FNH:0
FNDA:0,(anonymous_0)
DA:24,0
DA:31,0
LF:2
LH:0
BRF:0
BRH:0
end_of_record
TN:
SF:C:\Users\Nanette\Desktop\PROSDEV PROJECT\PROSDEV-Team_Curry-Jaime\src\components\Navbars\EmployeeNavbar.jsx
FN:24,(anonymous_0)
FN:31,(anonymous_1)
FN:41,(anonymous_2)
FN:47,(anonymous_3)
FNF:4
FNH:0
FNDA:0,(anonymous_0)
FNDA:0,(anonymous_1)
FNDA:0,(anonymous_2)
FNDA:0,(anonymous_3)
DA:25,0
DA:26,0
DA:27,0
DA:32,0
DA:33,0
DA:37,0
DA:38,0
DA:39,0
DA:40,0
DA:41,0
DA:42,0
DA:43,0
DA:45,0
DA:48,0
LF:14
LH:0
BRDA:32,0,0,0
BRDA:32,0,1,0
BRF:2
BRH:0
end_of_record
TN:
SF:C:\Users\Nanette\Desktop\PROSDEV PROJECT\PROSDEV-Team_Curry-Jaime\src\components\Navbars\EmployeeNavbarLinks.jsx
FN:22,(anonymous_0)
FNF:1
FNH:0
FNDA:0,(anonymous_0)
DA:24,0
DA:31,0
LF:2
LH:0
BRF:0
BRH:0
end_of_record
TN:
SF:C:\Users\Nanette\Desktop\PROSDEV PROJECT\PROSDEV-Team_Curry-Jaime\src\components\Sidebar\Sidebar.jsx
FN:26,(anonymous_0)
FN:32,(anonymous_1)
FN:35,(anonymous_2)
FN:38,(anonymous_3)
FN:42,(anonymous_4)
FN:61,(anonymous_5)
FNF:6
FNH:0
FNDA:0,(anonymous_0)
FNDA:0,(anonymous_1)
FNDA:0,(anonymous_2)
FNDA:0,(anonymous_3)
FNDA:0,(anonymous_4)
FNDA:0,(anonymous_5)
DA:27,0
DA:28,0
DA:33,0
DA:36,0
DA:39,0
DA:40,0
DA:43,0
DA:46,0
DA:62,0
DA:63,0
DA:82,0
LF:11
LH:0
BRDA:33,0,0,0
BRDA:33,0,1,0
BRDA:53,1,0,0
BRDA:53,1,1,0
BRDA:60,2,0,0
BRDA:60,2,1,0
BRDA:62,3,0,0
BRDA:62,3,1,0
BRDA:66,4,0,0
BRDA:66,4,1,0
BRF:10
BRH:0
end_of_record
TN:
SF:C:\Users\Nanette\Desktop\PROSDEV PROJECT\PROSDEV-Team_Curry-Jaime\src\components\StatsCard\StatsCard.jsx
FN:22,(anonymous_0)
FNF:1
FNH:0
FNDA:0,(anonymous_0)
DA:23,0
LF:1
LH:0
BRF:0
BRH:0
end_of_record
TN:
SF:C:\Users\Nanette\Desktop\PROSDEV PROJECT\PROSDEV-Team_Curry-Jaime\src\components\Tasks\Tasks.jsx
FN:24,(anonymous_0)
FN:31,(anonymous_1)
FNF:2
FNH:0
FNDA:0,(anonymous_0)
FNDA:0,(anonymous_1)
DA:24,0
DA:25,0
DA:26,0
DA:27,0
DA:32,0
DA:33,0
DA:34,0
DA:42,0
DA:44,0
DA:45,0
DA:46,0
DA:71,0
LF:12
LH:0
BRDA:51,0,0,0
BRDA:51,0,1,0
BRDA:51,1,0,0
BRDA:51,1,1,0
BRF:4
BRH:0
end_of_record
TN:
SF:C:\Users\Nanette\Desktop\PROSDEV PROJECT\PROSDEV-Team_Curry-Jaime\src\components\UserCard\UserCard.jsx
FN:21,(anonymous_0)
FNF:1
FNH:0
FNDA:0,(anonymous_0)
DA:22,0
LF:1
LH:0
BRF:0
BRH:0
end_of_record
TN:
SF:C:\Users\Nanette\Desktop\PROSDEV PROJECT\PROSDEV-Team_Curry-Jaime\src\layouts\Admin.jsx
FN:30,(anonymous_0)
FN:39,(anonymous_1)
FN:71,(anonymous_2)
FN:72,(anonymous_3)
FN:77,(anonymous_4)
FN:91,(anonymous_5)
FN:103,(anonymous_6)
FN:106,(anonymous_7)
FN:109,(anonymous_8)
FN:116,(anonymous_9)
FN:149,(anonymous_10)
FN:163,(anonymous_11)
FNF:12
FNH:0
FNDA:0,(anonymous_0)
FNDA:0,(anonymous_1)
FNDA:0,(anonymous_2)
FNDA:0,(anonymous_3)
FNDA:0,(anonymous_4)
FNDA:0,(anonymous_5)
FNDA:0,(anonymous_6)
FNDA:0,(anonymous_7)
FNDA:0,(anonymous_8)
FNDA:0,(anonymous_9)
FNDA:0,(anonymous_10)
FNDA:0,(anonymous_11)
DA:31,0
DA:32,0
DA:39,0
DA:40,0
DA:42,0
DA:44,0
DA:45,0
DA:47,0
DA:48,0
DA:50,0
DA:51,0
DA:53,0
DA:54,0
DA:56,0
DA:58,0
DA:71,0
DA:72,0
DA:73,0
DA:74,0
DA:78,0
DA:87,0
DA:91,0
DA:92,0
DA:93,0
DA:98,0
DA:101,0
DA:103,0
DA:104,0
DA:106,0
DA:107,0
DA:109,0
DA:110,0
DA:111,0
DA:113,0
DA:117,0
DA:118,0
DA:119,0
DA:121,0
DA:123,0
DA:124,0
DA:126,0
DA:127,0
DA:129,0
DA:130,0
DA:132,0
DA:133,0
DA:135,0
DA:137,0
DA:150,0
DA:155,0
DA:157,0
DA:158,0
DA:159,0
DA:160,0
DA:164,0
LF:55
LH:0
BRDA:42,0,0,0
BRDA:42,0,1,0
BRDA:42,0,2,0
BRDA:42,0,3,0
BRDA:42,0,4,0
BRDA:73,1,0,0
BRDA:73,1,1,0
BRDA:93,2,0,0
BRDA:93,2,1,0
BRDA:110,3,0,0
BRDA:110,3,1,0
BRDA:121,4,0,0
BRDA:121,4,1,0
BRDA:121,4,2,0
BRDA:121,4,3,0
BRDA:121,4,4,0
BRDA:150,5,0,0
BRDA:150,5,1,0
BRDA:151,6,0,0
BRDA:151,6,1,0
BRDA:151,6,2,0
BRDA:157,7,0,0
BRDA:157,7,1,0
BRF:23
BRH:0
end_of_record
TN:
SF:C:\Users\Nanette\Desktop\PROSDEV PROJECT\PROSDEV-Team_Curry-Jaime\src\layouts\Employee.jsx
FN:30,(anonymous_0)
FN:39,(anonymous_1)
FN:71,(anonymous_2)
FN:72,(anonymous_3)
FN:77,(anonymous_4)
FN:91,(anonymous_5)
FN:103,(anonymous_6)
FN:106,(anonymous_7)
FN:109,(anonymous_8)
FN:116,(anonymous_9)
FN:149,(anonymous_10)
FN:163,(anonymous_11)
FNF:12
FNH:0
FNDA:0,(anonymous_0)
FNDA:0,(anonymous_1)
FNDA:0,(anonymous_2)
FNDA:0,(anonymous_3)
FNDA:0,(anonymous_4)
FNDA:0,(anonymous_5)
FNDA:0,(anonymous_6)
FNDA:0,(anonymous_7)
FNDA:0,(anonymous_8)
FNDA:0,(anonymous_9)
FNDA:0,(anonymous_10)
FNDA:0,(anonymous_11)
DA:31,0
DA:32,0
DA:39,0
DA:40,0
DA:42,0
DA:44,0
DA:45,0
DA:47,0
DA:48,0
DA:50,0
DA:51,0
DA:53,0
DA:54,0
DA:56,0
DA:58,0
DA:71,0
DA:72,0
DA:73,0
DA:74,0
DA:78,0
DA:87,0
DA:91,0
DA:92,0
DA:93,0
DA:98,0
DA:101,0
DA:103,0
DA:104,0
DA:106,0
DA:107,0
DA:109,0
DA:110,0
DA:111,0
DA:113,0
DA:117,0
DA:118,0
DA:119,0
DA:121,0
DA:123,0
DA:124,0
DA:126,0
DA:127,0
DA:129,0
DA:130,0
DA:132,0
DA:133,0
DA:135,0
DA:137,0
DA:150,0
DA:155,0
DA:157,0
DA:158,0
DA:159,0
DA:160,0
DA:164,0
LF:55
LH:0
BRDA:42,0,0,0
BRDA:42,0,1,0
BRDA:42,0,2,0
BRDA:42,0,3,0
BRDA:42,0,4,0
BRDA:73,1,0,0
BRDA:73,1,1,0
BRDA:93,2,0,0
BRDA:93,2,1,0
BRDA:110,3,0,0
BRDA:110,3,1,0
BRDA:121,4,0,0
BRDA:121,4,1,0
BRDA:121,4,2,0
BRDA:121,4,3,0
BRDA:121,4,4,0
BRDA:150,5,0,0
BRDA:150,5,1,0
BRDA:151,6,0,0
BRDA:151,6,1,0
BRDA:151,6,2,0
BRDA:157,7,0,0
BRDA:157,7,1,0
BRF:23
BRH:0
end_of_record
TN:
SF:C:\Users\Nanette\Desktop\PROSDEV PROJECT\PROSDEV-Team_Curry-Jaime\src\variables\Variables.jsx
FNF:0
FNH:0
DA:24,0
DA:28,0
DA:269,0
DA:270,0
DA:279,0
DA:280,0
DA:290,0
LF:7
LH:0
BRDA:24,0,0,0
BRDA:24,0,1,0
BRF:2
BRH:0
end_of_record
TN:
SF:C:\Users\Nanette\Desktop\PROSDEV PROJECT\PROSDEV-Team_Curry-Jaime\src\views\POTableList.jsx
FN:26,(anonymous_0)
FN:40,(anonymous_1)
FN:46,(anonymous_2)
FN:49,(anonymous_3)
FNF:4
FNH:0
FNDA:0,(anonymous_0)
FNDA:0,(anonymous_1)
FNDA:0,(anonymous_2)
FNDA:0,(anonymous_3)
DA:27,0
DA:41,0
DA:47,0
DA:50,0
LF:4
LH:0
BRF:0
BRH:0
end_of_record
TN:
SF:C:\Users\Nanette\Desktop\PROSDEV PROJECT\PROSDEV-Team_Curry-Jaime\src\views\PRFTableList.jsx
FN:28,(anonymous_0)
FN:46,(anonymous_1)
FN:52,(anonymous_2)
FN:55,(anonymous_3)
FNF:4
FNH:0
FNDA:0,(anonymous_0)
FNDA:0,(anonymous_1)
FNDA:0,(anonymous_2)
FNDA:0,(anonymous_3)
DA:29,0
DA:47,0
DA:53,0
DA:56,0
LF:4
LH:0
BRF:0
BRH:0
end_of_record
