TN:
SF:C:\Users\Nanette\Desktop\PROSDEV-Team_Curry-Jaime\src\layouts\Employee.jsx
FN:31,(anonymous_0)
FN:40,(anonymous_1)
FN:72,(anonymous_2)
FN:73,(anonymous_3)
FN:78,(anonymous_4)
FN:92,(anonymous_5)
FN:104,(anonymous_6)
FN:107,(anonymous_7)
FN:110,(anonymous_8)
FN:117,(anonymous_9)
FN:150,(anonymous_10)
FN:164,(anonymous_11)
FNF:12
FNH:2
FNDA:2,(anonymous_0)
FNDA:0,(anonymous_1)
FNDA:0,(anonymous_2)
FNDA:0,(anonymous_3)
FNDA:0,(anonymous_4)
FNDA:0,(anonymous_5)
FNDA:0,(anonymous_6)
FNDA:0,(anonymous_7)
FNDA:0,(anonymous_8)
FNDA:0,(anonymous_9)
FNDA:0,(anonymous_10)
FNDA:2,(anonymous_11)
DA:32,2
DA:33,2
DA:40,2
DA:41,0
DA:43,0
DA:45,0
DA:46,0
DA:48,0
DA:49,0
DA:51,0
DA:52,0
DA:54,0
DA:55,0
DA:57,0
DA:59,0
DA:72,2
DA:73,0
DA:74,0
DA:75,0
DA:79,0
DA:88,0
DA:92,2
DA:93,0
DA:94,0
DA:99,0
DA:102,0
DA:104,2
DA:105,0
DA:107,2
DA:108,0
DA:110,2
DA:111,0
DA:112,0
DA:114,0
DA:118,0
DA:119,0
DA:120,0
DA:122,0
DA:124,0
DA:125,0
DA:127,0
DA:128,0
DA:130,0
DA:131,0
DA:133,0
DA:134,0
DA:136,0
DA:138,0
DA:151,0
DA:156,0
DA:158,0
DA:159,0
DA:160,0
DA:161,0
DA:165,2
LF:55
LH:9
BRDA:43,0,0,0
BRDA:43,0,1,0
BRDA:43,0,2,0
BRDA:43,0,3,0
BRDA:43,0,4,0
BRDA:74,1,0,0
BRDA:74,1,1,0
BRDA:94,2,0,0
BRDA:94,2,1,0
BRDA:111,3,0,0
BRDA:111,3,1,0
BRDA:122,4,0,0
BRDA:122,4,1,0
BRDA:122,4,2,0
BRDA:122,4,3,0
BRDA:122,4,4,0
BRDA:151,5,0,0
BRDA:151,5,1,0
BRDA:152,6,0,0
BRDA:152,6,1,0
BRDA:152,6,2,0
BRDA:158,7,0,0
BRDA:158,7,1,0
BRF:23
BRH:0
end_of_record
